<?xml version="1.0" encoding="UTF-8"?>
<testsuite xmlns:xsi="http://www.w3.org/2001/XMLSchema-instance" xsi:noNamespaceSchemaLocation="https://maven.apache.org/surefire/maven-surefire-plugin/xsd/surefire-test-report.xsd" version="3.0.2" name="com.sergio.springboot.biblioteca2.springboot_biblioteca2.SpringbootBiblioteca2ApplicationTests" time="3.965" tests="1" errors="0" skipped="0" failures="0">
  <properties>
[...]
</properties>
  <testcase name="contextLoads" classname="com.sergio.springboot.biblioteca2.springboot_biblioteca2.SpringbootBiblioteca2ApplicationTests" time="0.233">
    <system-out><![CDATA[21:03:52.018 [main] INFO org.springframework.test.context.support.AnnotationConfigContextLoaderUtils -- Could not detect default configuration classes for test class [com.sergio.springboot.biblioteca2.springboot_biblioteca2.SpringbootBiblioteca2ApplicationTests]: SpringbootBiblioteca2ApplicationTests does not declare any static, non-private, non-final, nested classes annotated with @Configuration.
21:03:52.090 [main] INFO org.springframework.boot.test.context.SpringBootTestContextBootstrapper -- Found @SpringBootConfiguration com.sergio.springboot.biblioteca2.springboot_biblioteca2.SpringbootBiblioteca2Application for test class com.sergio.springboot.biblioteca2.springboot_biblioteca2.SpringbootBiblioteca2ApplicationTests
21:03:52.212 [main] INFO org.springframework.boot.devtools.restart.RestartApplicationListener -- Restart disabled due to context in which it is running

  .   ____          _            __ _ _
 /\\ / ___'_ __ _ _(_)_ __  __ _ \ \ \ \
( ( )\___ | '_ | '_| | '_ \/ _` | \ \ \ \
 \\/  ___)| |_)| | | | | || (_| |  ) ) ) )
  '  |____| .__|_| |_|_| |_\__, | / / / /
 =========|_|==============|___/=/_/_/_/

 :: Spring Boot ::                (v3.5.6)

2025-12-10T21:03:52.421+01:00  INFO 54288 --- [springboot-biblioteca2] [           main] .s.SpringbootBiblioteca2ApplicationTests : Starting SpringbootBiblioteca2ApplicationTests using Java 17.0.8 with PID 54288 (started by sergi in C:\Users\sergi\OneDrive\Documentos\Springboot\Helen-Library\springboot-biblioteca2)
2025-12-10T21:03:52.422+01:00  INFO 54288 --- [springboot-biblioteca2] [           main] .s.SpringbootBiblioteca2ApplicationTests : No active profile set, falling back to 1 default profile: "default"
2025-12-10T21:03:52.947+01:00  INFO 54288 --- [springboot-biblioteca2] [           main] .s.d.r.c.RepositoryConfigurationDelegate : Bootstrapping Spring Data JPA repositories in DEFAULT mode.
2025-12-10T21:03:53.000+01:00  INFO 54288 --- [springboot-biblioteca2] [           main] .s.d.r.c.RepositoryConfigurationDelegate : Finished Spring Data repository scanning in 41 ms. Found 2 JPA repository interfaces.
2025-12-10T21:03:53.398+01:00  INFO 54288 --- [springboot-biblioteca2] [           main] o.hibernate.jpa.internal.util.LogHelper  : HHH000204: Processing PersistenceUnitInfo [name: default]
2025-12-10T21:03:53.451+01:00  INFO 54288 --- [springboot-biblioteca2] [           main] org.hibernate.Version                    : HHH000412: Hibernate ORM core version 6.6.29.Final
2025-12-10T21:03:53.491+01:00  INFO 54288 --- [springboot-biblioteca2] [           main] o.h.c.internal.RegionFactoryInitiator    : HHH000026: Second-level cache disabled
2025-12-10T21:03:53.795+01:00  INFO 54288 --- [springboot-biblioteca2] [           main] o.s.o.j.p.SpringPersistenceUnitInfo      : No LoadTimeWeaver setup: ignoring JPA class transformer
2025-12-10T21:03:53.816+01:00  INFO 54288 --- [springboot-biblioteca2] [           main] com.zaxxer.hikari.HikariDataSource       : HikariPool-1 - Starting...
2025-12-10T21:03:54.005+01:00  INFO 54288 --- [springboot-biblioteca2] [           main] com.zaxxer.hikari.pool.HikariPool        : HikariPool-1 - Added connection com.mysql.cj.jdbc.ConnectionImpl@22e813fc
2025-12-10T21:03:54.007+01:00  INFO 54288 --- [springboot-biblioteca2] [           main] com.zaxxer.hikari.HikariDataSource       : HikariPool-1 - Start completed.
2025-12-10T21:03:54.058+01:00  WARN 54288 --- [springboot-biblioteca2] [           main] org.hibernate.orm.deprecation            : HHH90000025: MySQLDialect does not need to be specified explicitly using 'hibernate.dialect' (remove the property setting and it will be selected by default)
2025-12-10T21:03:54.070+01:00  INFO 54288 --- [springboot-biblioteca2] [           main] org.hibernate.orm.connections.pooling    : HHH10001005: Database info:
	Database JDBC URL [Connecting through datasource 'HikariDataSource (HikariPool-1)']
	Database driver: undefined/unknown
	Database version: 8.0.43
	Autocommit mode: undefined/unknown
	Isolation level: undefined/unknown
	Minimum pool size: undefined/unknown
	Maximum pool size: undefined/unknown
2025-12-10T21:03:54.592+01:00  INFO 54288 --- [springboot-biblioteca2] [           main] o.h.e.t.j.p.i.JtaPlatformInitiator       : HHH000489: No JTA platform available (set 'hibernate.transaction.jta.platform' to enable JTA platform integration)
2025-12-10T21:03:54.633+01:00  INFO 54288 --- [springboot-biblioteca2] [           main] j.LocalContainerEntityManagerFactoryBean : Initialized JPA EntityManagerFactory for persistence unit 'default'
2025-12-10T21:03:55.087+01:00  WARN 54288 --- [springboot-biblioteca2] [           main] JpaBaseConfiguration$JpaWebConfiguration : spring.jpa.open-in-view is enabled by default. Therefore, database queries may be performed during view rendering. Explicitly configure spring.jpa.open-in-view to disable this warning
2025-12-10T21:03:55.485+01:00  INFO 54288 --- [springboot-biblioteca2] [           main] .s.SpringbootBiblioteca2ApplicationTests : Started SpringbootBiblioteca2ApplicationTests in 3.281 seconds (process running for 3.853)
📚 Listado de libros en la base de datos:
Hibernate: select l1_0.id,l1_0.autor,l1_0.genero,l1_0.leido,l1_0.paginas,l1_0.titulo,l1_0.valoracion_id from libros l1_0
Hibernate: select v1_0.id,v1_0.cosasadestacar,v1_0.critica,v1_0.estrellas from valoraciones v1_0 where v1_0.id=?
Libro {id=1, titulo=La asistenta, autor=Freida McFadden, genero=Suspense, paginas=344, leido=true}
Libro {id=4, titulo=El Secreto de la Asistenta, autor=Freida McFadden, genero=Suspense, paginas=336, leido=true}
Libro {id=5, titulo=La asistenta te vigila, autor=Freida McFadden, genero=Suspense, paginas=368, leido=true}
Libro {id=6, titulo=Binding, autor=Chloe Walsh, genero=Romance, paginas=652, leido=false}
Libro {id=7, titulo=a, autor=a, genero=a, paginas=1, leido=false}
Libro {id=8, titulo=b, autor=b, genero=b, paginas=1, leido=false}
Libro {id=9, titulo=c, autor=c, genero=c, paginas=1, leido=false}
Libro {id=10, titulo=d, autor=d, genero=d, paginas=1, leido=false}
Libro {id=11, titulo=e, autor=e, genero=e, paginas=1, leido=false}
Libro {id=12, titulo=f, autor=f, genero=f, paginas=1, leido=false}
]]></system-out>
  </testcase>
</testsuite>